# JRE version: OpenJDK Runtime Environment (17.0.8+7) (build 17.0.8+7-Ubuntu-122.04)
# Java VM: OpenJDK 64-Bit Server VM (17.0.8+7-Ubuntu-122.04, mixed mode, sharing, tiered, compressed oops, compressed class ptrs, g1 gc, linux-amd64)
Heap:
 garbage-first heap   total 75776K, used 48442K [0x0000000747400000, 0x0000000800000000)
  region size 2048K, 10 young (20480K), 1 survivors (2048K)
 Metaspace       used 52954K, committed 53504K, reserved 1114112K
  class space    used 6765K, committed 7040K, reserved 1048576K
GC Heap History (20 events):
Event: 7.939 GC heap before
{Heap before GC invocations=3 (full 0):
 garbage-first heap   total 194560K, used 69511K [0x0000000747400000, 0x0000000800000000)
  region size 2048K, 32 young (65536K), 2 survivors (4096K)
 Metaspace       used 21260K, committed 21504K, reserved 1114112K
  class space    used 2613K, committed 2752K, reserved 1048576K
}
Event: 7.978 GC heap after
{Heap after GC invocations=4 (full 0):
 garbage-first heap   total 194560K, used 14893K [0x0000000747400000, 0x0000000800000000)
  region size 2048K, 5 young (10240K), 5 survivors (10240K)
 Metaspace       used 21260K, committed 21504K, reserved 1114112K
  class space    used 2613K, committed 2752K, reserved 1048576K
}
Event: 9.379 GC heap before
{Heap before GC invocations=5 (full 0):
 garbage-first heap   total 75776K, used 49709K [0x0000000747400000, 0x0000000800000000)
  region size 2048K, 22 young (45056K), 5 survivors (10240K)
 Metaspace       used 27494K, committed 27904K, reserved 1114112K
  class space    used 3599K, committed 3776K, reserved 1048576K
}
Event: 9.396 GC heap after
{Heap after GC invocations=6 (full 0):
 garbage-first heap   total 75776K, used 17869K [0x0000000747400000, 0x0000000800000000)
  region size 2048K, 2 young (4096K), 2 survivors (4096K)
 Metaspace       used 27494K, committed 27904K, reserved 1114112K
  class space    used 3599K, committed 3776K, reserved 1048576K
}
Event: 9.457 GC heap before
{Heap before GC invocations=6 (full 0):
 garbage-first heap   total 75776K, used 19917K [0x0000000747400000, 0x0000000800000000)
  region size 2048K, 3 young (6144K), 2 survivors (4096K)
 Metaspace       used 27735K, committed 28096K, reserved 1114112K
  class space    used 3663K, committed 3840K, reserved 1048576K
}
Event: 9.468 GC heap after
{Heap after GC invocations=7 (full 0):
 garbage-first heap   total 75776K, used 18232K [0x0000000747400000, 0x0000000800000000)
  region size 2048K, 1 young (2048K), 1 survivors (2048K)
 Metaspace       used 27735K, committed 28096K, reserved 1114112K
  class space    used 3663K, committed 3840K, reserved 1048576K
}
Event: 10.442 GC heap before
{Heap before GC invocations=7 (full 0):
 garbage-first heap   total 75776K, used 40760K [0x0000000747400000, 0x0000000800000000)
  region size 2048K, 13 young (26624K), 1 survivors (2048K)
 Metaspace       used 35805K, committed 36160K, reserved 1114112K
  class space    used 4601K, committed 4800K, reserved 1048576K
}
Event: 10.450 GC heap after
{Heap after GC invocations=8 (full 0):
 garbage-first heap   total 75776K, used 19877K [0x0000000747400000, 0x0000000800000000)
  region size 2048K, 2 young (4096K), 2 survivors (4096K)
 Metaspace       used 35805K, committed 36160K, reserved 1114112K
  class space    used 4601K, committed 4800K, reserved 1048576K
}
Event: 11.677 GC heap before
{Heap before GC invocations=9 (full 0):
 garbage-first heap   total 75776K, used 52645K [0x0000000747400000, 0x0000000800000000)
  region size 2048K, 18 young (36864K), 2 survivors (4096K)
 Metaspace       used 39972K, committed 40384K, reserved 1114112K
  class space    used 5072K, committed 5248K, reserved 1048576K
}
Event: 11.686 GC heap after
{Heap after GC invocations=10 (full 0):
 garbage-first heap   total 75776K, used 22997K [0x0000000747400000, 0x0000000800000000)
  region size 2048K, 3 young (6144K), 3 survivors (6144K)
 Metaspace       used 39972K, committed 40384K, reserved 1114112K
  class space    used 5072K, committed 5248K, reserved 1048576K
}
Event: 12.501 GC heap before
{Heap before GC invocations=10 (full 0):
 garbage-first heap   total 75776K, used 53717K [0x0000000747400000, 0x0000000800000000)
  region size 2048K, 18 young (36864K), 3 survivors (6144K)
 Metaspace       used 43403K, committed 43904K, reserved 1114112K
  class space    used 5515K, committed 5760K, reserved 1048576K
}
Event: 12.511 GC heap after
{Heap after GC invocations=11 (full 0):
 garbage-first heap   total 75776K, used 25386K [0x0000000747400000, 0x0000000800000000)
  region size 2048K, 3 young (6144K), 3 survivors (6144K)
 Metaspace       used 43403K, committed 43904K, reserved 1114112K
  class space    used 5515K, committed 5760K, reserved 1048576K
}
Event: 35.159 GC heap before
{Heap before GC invocations=11 (full 0):
 garbage-first heap   total 75776K, used 52010K [0x0000000747400000, 0x0000000800000000)
  region size 2048K, 17 young (34816K), 3 survivors (6144K)
 Metaspace       used 46505K, committed 46976K, reserved 1114112K
  class space    used 5929K, committed 6144K, reserved 1048576K
}
Event: 35.173 GC heap after
{Heap after GC invocations=12 (full 0):
 garbage-first heap   total 75776K, used 27366K [0x0000000747400000, 0x0000000800000000)
  region size 2048K, 3 young (6144K), 3 survivors (6144K)
 Metaspace       used 46505K, committed 46976K, reserved 1114112K
  class space    used 5929K, committed 6144K, reserved 1048576K
}
Event: 52.898 GC heap before
{Heap before GC invocations=12 (full 0):
 garbage-first heap   total 75776K, used 51942K [0x0000000747400000, 0x0000000800000000)
  region size 2048K, 16 young (32768K), 3 survivors (6144K)
 Metaspace       used 50974K, committed 51456K, reserved 1114112K
  class space    used 6675K, committed 6912K, reserved 1048576K
}
Event: 52.917 GC heap after
{Heap after GC invocations=13 (full 0):
 garbage-first heap   total 75776K, used 29275K [0x0000000747400000, 0x0000000800000000)
  region size 2048K, 2 young (4096K), 2 survivors (4096K)
 Metaspace       used 50974K, committed 51456K, reserved 1114112K
  class space    used 6675K, committed 6912K, reserved 1048576K
}
Event: 275.452 GC heap before
{Heap before GC invocations=13 (full 0):
 garbage-first heap   total 75776K, used 55899K [0x0000000747400000, 0x0000000800000000)
  region size 2048K, 15 young (30720K), 2 survivors (4096K)
 Metaspace       used 52116K, committed 52672K, reserved 1114112K
  class space    used 6758K, committed 7040K, reserved 1048576K
}
Event: 275.471 GC heap after
{Heap after GC invocations=14 (full 0):
 garbage-first heap   total 75776K, used 29784K [0x0000000747400000, 0x0000000800000000)
  region size 2048K, 2 young (4096K), 2 survivors (4096K)
 Metaspace       used 52116K, committed 52672K, reserved 1114112K
  class space    used 6758K, committed 7040K, reserved 1048576K
}
Event: 564.974 GC heap before
{Heap before GC invocations=14 (full 0):
 garbage-first heap   total 75776K, used 54360K [0x0000000747400000, 0x0000000800000000)
  region size 2048K, 15 young (30720K), 2 survivors (4096K)
 Metaspace       used 52684K, committed 53312K, reserved 1114112K
  class space    used 6764K, committed 7040K, reserved 1048576K
}
Event: 564.981 GC heap after
{Heap after GC invocations=15 (full 0):
 garbage-first heap   total 75776K, used 30054K [0x0000000747400000, 0x0000000800000000)
  region size 2048K, 1 young (2048K), 1 survivors (2048K)
 Metaspace       used 52684K, committed 53312K, reserved 1114112K
  class space    used 6764K, committed 7040K, reserved 1048576K
}

